2014-11-22 00:00:12.272 [http-nio-8443-exec-3] INFO  o.c.a.c.s.impl.PocketMdServiceImpl - Request: getCurrentPatient() | coming from user 1 
2014-11-22 00:00:55.691 [http-nio-8443-exec-10] INFO  o.c.a.c.s.impl.PocketMdServiceImpl - Request: getCurrentPatient() | coming from user 1 
2014-11-22 00:01:39.089 [http-nio-8443-exec-7] INFO  o.c.a.c.s.impl.PocketMdServiceImpl - Request: getCurrentPatient() | coming from user 1 
2014-11-22 00:02:01.514 [http-nio-8443-exec-4] INFO  o.c.a.c.s.impl.PocketMdServiceImpl - Request: getCurrentPatient() | coming from user 1 
2014-11-22 00:04:18.954 [http-nio-8443-exec-10] INFO  o.c.a.c.s.impl.PocketMdServiceImpl - Request: getCurrentPatient() | coming from user 1 
2014-11-22 00:07:11.854 [http-nio-8443-exec-6] INFO  o.c.a.c.s.impl.PocketMdServiceImpl - Request: getCurrentPatient() | coming from user 1 
2014-11-22 00:21:31.188 [http-nio-8443-exec-2] INFO  o.c.a.c.s.impl.PocketMdServiceImpl - Request: getCurrentPatient() | coming from user 1 
2014-11-22 00:24:00.433 [http-nio-8443-exec-8] INFO  o.c.a.c.s.impl.PocketMdServiceImpl - Request: getCurrentPatient() | coming from user 1 
2014-11-22 00:26:17.955 [http-nio-8443-exec-4] INFO  o.c.a.c.s.impl.PocketMdServiceImpl - Request: getCurrentPatient() | coming from user 1 
2014-11-22 00:28:47.246 [http-nio-8443-exec-10] INFO  o.c.a.c.s.impl.PocketMdServiceImpl - Request: getCurrentPatient() | coming from user 1 
2014-11-22 00:30:51.877 [http-nio-8443-exec-6] INFO  o.c.a.c.s.impl.PocketMdServiceImpl - Request: getCurrentPatient() | coming from user 1 
2014-11-22 00:31:46.723 [http-nio-8443-exec-3] INFO  o.c.a.c.s.impl.PocketMdServiceImpl - Request: getCurrentPatient() | coming from user 1 
2014-11-22 00:32:07.814 [http-nio-8443-exec-10] INFO  o.c.a.c.s.impl.PocketMdServiceImpl - Request: getCurrentPatient() | coming from user 1 
2014-11-22 00:39:51.848 [http-nio-8443-exec-6] INFO  o.c.a.c.s.impl.PocketMdServiceImpl - Request: getCurrentPatient() | coming from user 1 
2014-11-22 00:40:02.691 [http-nio-8443-exec-3] INFO  o.c.a.c.s.impl.PocketMdServiceImpl - Request: getCurrentPatient() | coming from user 1 
2014-11-22 00:57:28.242 [http-nio-8443-exec-9] INFO  o.c.a.c.s.impl.PocketMdServiceImpl - Request: getCurrentPatient() | coming from user 1 
2014-11-22 01:05:56.198 [http-nio-8443-exec-5] INFO  o.c.a.c.s.impl.PocketMdServiceImpl - Request: getCurrentPatient() | coming from user 1 
2014-11-22 01:06:37.636 [http-nio-8443-exec-2] INFO  o.c.a.c.s.impl.PocketMdServiceImpl - Request: getCurrentPatient() | coming from user 1 
2014-11-22 01:09:58.611 [http-nio-8443-exec-8] INFO  o.c.a.c.s.impl.PocketMdServiceImpl - Request: getCurrentPatient() | coming from user 1 
2014-11-22 01:15:09.787 [http-nio-8443-exec-4] INFO  o.c.a.c.s.impl.PocketMdServiceImpl - Request: getCurrentPatient() | coming from user 1 
2014-11-22 01:16:03.431 [http-nio-8443-exec-1] INFO  o.c.a.c.s.impl.PocketMdServiceImpl - Request: getCurrentPatient() | coming from user 1 
2014-11-22 18:51:32.302 [main] INFO  o.c.a.capstone.server.Application - Starting Application on 10ddb1c4b160.ant.amazon.com with PID 56178 (/Users/epshteyn/Development/capstone/pocketmd/pocketmd-server/target/classes started by epshteyn in /Users/epshteyn/Development/capstone/pocketmd/pocketmd-server) 
2014-11-22 18:51:51.879 [main] INFO  o.c.a.c.s.i.alert.DoctorAlertSender - Creating SNS platform application 
2014-11-22 18:51:53.266 [main] INFO  o.c.a.c.s.i.alert.DoctorAlertSender - Platform application created: {PlatformApplicationArn: arn:aws:sns:us-east-1:956937837608:app/GCM/pocketmd} 
2014-11-22 18:51:56.039 [main] INFO  o.c.a.capstone.server.Application - Started Application in 24.271 seconds (JVM running for 27.143) 
2014-11-22 18:56:09.397 [http-nio-8443-exec-5] INFO  o.c.a.c.s.impl.PocketMdServiceImpl - Request: getCurrentPatient() | coming from user 1 
2014-11-22 18:56:40.020 [http-nio-8443-exec-2] INFO  o.c.a.c.s.impl.PocketMdServiceImpl - Request: getCurrentPatient() | coming from user 1 
2014-11-22 18:59:30.723 [http-nio-8443-exec-9] INFO  o.c.a.c.s.impl.PocketMdServiceImpl - Request: getCurrentPatient() | coming from user 1 
2014-11-22 19:03:18.484 [http-nio-8443-exec-5] INFO  o.c.a.c.s.impl.PocketMdServiceImpl - Request: getCurrentPatient() | coming from user 1 
2014-11-22 20:20:40.585 [http-nio-8443-exec-1] INFO  o.c.a.c.s.impl.PocketMdServiceImpl - Request: getCurrentPatient() | coming from user 1 
2014-11-22 20:21:37.184 [http-nio-8443-exec-8] INFO  o.c.a.c.s.impl.PocketMdServiceImpl - Request: getCurrentPatient() | coming from user 1 
2014-11-22 20:22:56.624 [http-nio-8443-exec-4] INFO  o.c.a.c.s.impl.PocketMdServiceImpl - Request: getCurrentPatient() | coming from user 1 
2014-11-22 20:27:32.365 [http-nio-8443-exec-10] INFO  o.c.a.c.s.impl.PocketMdServiceImpl - Request: getCurrentPatient() | coming from user 1 
2014-11-22 20:30:27.821 [http-nio-8443-exec-6] INFO  o.c.a.c.s.impl.PocketMdServiceImpl - Request: getCurrentPatient() | coming from user 1 
2014-11-22 20:30:45.970 [http-nio-8443-exec-7] INFO  o.c.a.c.s.impl.PocketMdServiceImpl - Request: getCurrentPatient() | coming from user 1 
2014-11-22 20:30:45.976 [http-nio-8443-exec-7] INFO  o.c.a.c.s.impl.PocketMdServiceImpl - Request: checkin(), patientId = 1, checkin = CheckIn{id=0, painSeverity=WELL_CONTROLLED, eatingProblems=NO, patientId=0} | coming from user 1 
2014-11-22 20:30:50.154 [http-nio-8443-exec-7] INFO  o.c.a.c.s.impl.PocketMdServiceImpl - New check-in has been saved for patient 1 
2014-11-22 20:31:00.221 [http-nio-8443-exec-7] INFO  o.c.a.c.s.i.a.DoctorAlertChecker - Testing for PROLONGED_SEVERE_PAIN for last 12 hours 
2014-11-22 20:31:00.251 [http-nio-8443-exec-7] INFO  o.c.a.c.s.i.a.DoctorAlertChecker - Testing 2 last check-ins 
2014-11-22 20:31:00.258 [http-nio-8443-exec-7] INFO  o.c.a.c.s.i.a.DoctorAlertChecker - Testing for PROLONGED_PAIN for last 16 hours 
2014-11-22 20:31:00.258 [http-nio-8443-exec-7] INFO  o.c.a.c.s.i.a.DoctorAlertChecker - Testing 2 last check-ins 
2014-11-22 20:31:00.258 [http-nio-8443-exec-7] INFO  o.c.a.c.s.i.a.DoctorAlertChecker - Testing for PROLONGED_EATING_PROBLEMS for last 12 hours 
2014-11-22 20:31:00.259 [http-nio-8443-exec-7] INFO  o.c.a.c.s.i.a.DoctorAlertChecker - Testing 2 last check-ins 
2014-11-22 20:31:33.292 [http-nio-8443-exec-4] INFO  o.c.a.c.s.impl.PocketMdServiceImpl - Request: getCurrentPatient() | coming from user 1 
2014-11-22 20:36:54.101 [http-nio-8443-exec-9] INFO  o.c.a.c.s.impl.PocketMdServiceImpl - Request: getCurrentPatient() | coming from user 1 
2014-11-22 20:36:54.103 [http-nio-8443-exec-9] INFO  o.c.a.c.s.impl.PocketMdServiceImpl - Request: checkin(), patientId = 1, checkin = CheckIn{id=0, painSeverity=WELL_CONTROLLED, eatingProblems=NO, patientId=0} | coming from user 1 
2014-11-22 20:36:58.309 [http-nio-8443-exec-9] INFO  o.c.a.c.s.impl.PocketMdServiceImpl - New check-in has been saved for patient 1 
2014-11-22 20:36:58.502 [http-nio-8443-exec-9] INFO  o.c.a.c.s.i.a.DoctorAlertChecker - Testing for PROLONGED_SEVERE_PAIN for last 12 hours 
2014-11-22 20:36:58.503 [http-nio-8443-exec-9] INFO  o.c.a.c.s.i.a.DoctorAlertChecker - Testing 3 last check-ins 
2014-11-22 20:36:58.504 [http-nio-8443-exec-9] INFO  o.c.a.c.s.i.a.DoctorAlertChecker - Testing for PROLONGED_PAIN for last 16 hours 
2014-11-22 20:36:58.504 [http-nio-8443-exec-9] INFO  o.c.a.c.s.i.a.DoctorAlertChecker - Testing 3 last check-ins 
2014-11-22 20:36:58.504 [http-nio-8443-exec-9] INFO  o.c.a.c.s.i.a.DoctorAlertChecker - Testing for PROLONGED_EATING_PROBLEMS for last 12 hours 
2014-11-22 20:36:58.505 [http-nio-8443-exec-9] INFO  o.c.a.c.s.i.a.DoctorAlertChecker - Testing 3 last check-ins 
2014-11-22 20:47:37.833 [http-nio-8443-exec-5] INFO  o.c.a.c.s.impl.PocketMdServiceImpl - Request: getCurrentPatient() | coming from user 1 
2014-11-22 20:49:51.958 [http-nio-8443-exec-2] INFO  o.c.a.c.s.impl.PocketMdServiceImpl - Request: getCurrentPatient() | coming from user 1 
2014-11-22 20:51:12.103 [http-nio-8443-exec-9] INFO  o.c.a.c.s.impl.PocketMdServiceImpl - Request: getCurrentPatient() | coming from user 1 
2014-11-22 21:10:05.811 [http-nio-8443-exec-5] INFO  o.c.a.c.s.impl.PocketMdServiceImpl - Request: getCurrentPatient() | coming from user 1 
2014-11-22 21:16:55.761 [http-nio-8443-exec-1] INFO  o.c.a.c.s.impl.PocketMdServiceImpl - Request: getCurrentPatient() | coming from user 1 
2014-11-22 21:19:47.685 [http-nio-8443-exec-7] INFO  o.c.a.c.s.impl.PocketMdServiceImpl - Request: getCurrentPatient() | coming from user 1 
2014-11-22 21:20:36.068 [http-nio-8443-exec-4] INFO  o.c.a.c.s.impl.PocketMdServiceImpl - Request: getCurrentPatient() | coming from user 1 
2014-11-22 21:23:42.056 [http-nio-8443-exec-10] INFO  o.c.a.c.s.impl.PocketMdServiceImpl - Request: getCurrentPatient() | coming from user 1 
2014-11-22 21:31:25.172 [http-nio-8443-exec-6] INFO  o.c.a.c.s.impl.PocketMdServiceImpl - Request: getCurrentPatient() | coming from user 1 
2014-11-22 21:33:40.159 [main] INFO  o.c.a.capstone.server.Application - Starting Application on 10ddb1c4b160.ant.amazon.com with PID 57769 (/Users/epshteyn/Development/capstone/pocketmd/pocketmd-server/target/classes started by epshteyn in /Users/epshteyn/Development/capstone/pocketmd/pocketmd-server) 
2014-11-22 21:33:57.535 [main] INFO  o.c.a.c.s.i.alert.DoctorAlertSender - Creating SNS platform application 
2014-11-22 21:33:58.755 [main] INFO  o.c.a.c.s.i.alert.DoctorAlertSender - Platform application created: {PlatformApplicationArn: arn:aws:sns:us-east-1:956937837608:app/GCM/pocketmd} 
2014-11-22 21:34:00.950 [main] INFO  o.c.a.capstone.server.Application - Started Application in 21.267 seconds (JVM running for 22.549) 
2014-11-22 21:34:15.631 [http-nio-8443-exec-5] INFO  o.c.a.c.s.impl.PocketMdServiceImpl - Request: getCurrentPatient() | coming from username drwhite 
2014-11-22 21:34:16.505 [http-nio-8443-exec-6] INFO  o.c.a.c.s.impl.PocketMdServiceImpl - Request: getCurrentDoctor() | coming from username drwhite 
2014-11-22 21:34:38.111 [http-nio-8443-exec-7] INFO  o.c.a.c.s.impl.PocketMdServiceImpl - Request: getCurrentDoctor() | coming from username drwhite 
2014-11-22 21:34:38.113 [http-nio-8443-exec-7] INFO  o.c.a.c.s.impl.PocketMdServiceImpl - Request: findPatientByName(), patientName = Todd Bear | coming from user 1 
2014-11-22 21:34:38.403 [http-nio-8443-exec-7] INFO  o.c.a.c.s.impl.PocketMdServiceImpl - Patient 1 has been found by name 
2014-11-22 21:35:05.754 [http-nio-8443-exec-8] INFO  o.c.a.c.s.impl.PocketMdServiceImpl - Request: getCurrentDoctor() | coming from username drwhite 
2014-11-22 21:35:05.756 [http-nio-8443-exec-8] INFO  o.c.a.c.s.impl.PocketMdServiceImpl - Request: getPatients(), doctorId = 1 | coming from user 1 
2014-11-22 21:35:05.940 [http-nio-8443-exec-8] INFO  o.c.a.c.s.impl.PocketMdServiceImpl - 2 patients have been found for doctor 1 
2014-11-22 21:37:37.258 [http-nio-8443-exec-4] INFO  o.c.a.c.s.impl.PocketMdServiceImpl - Request: getCurrentPatient() | coming from username drwhite 
2014-11-22 21:37:38.090 [http-nio-8443-exec-5] INFO  o.c.a.c.s.impl.PocketMdServiceImpl - Request: getCurrentDoctor() | coming from username drwhite 
2014-11-22 21:37:50.006 [http-nio-8443-exec-6] INFO  o.c.a.c.s.impl.PocketMdServiceImpl - Request: getCurrentDoctor() | coming from username drwhite 
2014-11-22 21:37:50.008 [http-nio-8443-exec-6] INFO  o.c.a.c.s.impl.PocketMdServiceImpl - Request: getPatients(), doctorId = 1 | coming from user 1 
2014-11-22 21:37:50.185 [http-nio-8443-exec-6] INFO  o.c.a.c.s.impl.PocketMdServiceImpl - 2 patients have been found for doctor 1 
2014-11-22 21:38:56.295 [http-nio-8443-exec-3] INFO  o.c.a.c.s.impl.PocketMdServiceImpl - Request: getCurrentPatient() | coming from username drwhite 
2014-11-22 21:38:57.134 [http-nio-8443-exec-4] INFO  o.c.a.c.s.impl.PocketMdServiceImpl - Request: getCurrentDoctor() | coming from username drwhite 
2014-11-22 21:39:14.303 [http-nio-8443-exec-5] INFO  o.c.a.c.s.impl.PocketMdServiceImpl - Request: getCurrentDoctor() | coming from username drwhite 
2014-11-22 21:39:14.304 [http-nio-8443-exec-5] INFO  o.c.a.c.s.impl.PocketMdServiceImpl - Request: getPatients(), doctorId = 1 | coming from user 1 
2014-11-22 21:39:14.479 [http-nio-8443-exec-5] INFO  o.c.a.c.s.impl.PocketMdServiceImpl - 2 patients have been found for doctor 1 
2014-11-22 21:43:12.379 [http-nio-8443-exec-1] INFO  o.c.a.c.s.impl.PocketMdServiceImpl - Request: getCurrentPatient() | coming from username drwhite 
2014-11-22 21:43:13.195 [http-nio-8443-exec-2] INFO  o.c.a.c.s.impl.PocketMdServiceImpl - Request: getCurrentDoctor() | coming from username drwhite 
2014-11-22 21:43:33.361 [http-nio-8443-exec-3] INFO  o.c.a.c.s.impl.PocketMdServiceImpl - Request: getCurrentDoctor() | coming from username drwhite 
2014-11-22 21:43:33.362 [http-nio-8443-exec-3] INFO  o.c.a.c.s.impl.PocketMdServiceImpl - Request: getPatients(), doctorId = 1 | coming from user 1 
2014-11-22 21:43:33.540 [http-nio-8443-exec-3] INFO  o.c.a.c.s.impl.PocketMdServiceImpl - 2 patients have been found for doctor 1 
2014-11-22 22:06:37.891 [http-nio-8443-exec-9] INFO  o.c.a.c.s.impl.PocketMdServiceImpl - Request: getCurrentPatient() | coming from username drwhite 
2014-11-22 22:06:38.724 [http-nio-8443-exec-10] INFO  o.c.a.c.s.impl.PocketMdServiceImpl - Request: getCurrentDoctor() | coming from username drwhite 
2014-11-22 22:06:48.365 [http-nio-8443-exec-1] INFO  o.c.a.c.s.impl.PocketMdServiceImpl - Request: getCurrentDoctor() | coming from username drwhite 
2014-11-22 22:06:48.365 [http-nio-8443-exec-1] INFO  o.c.a.c.s.impl.PocketMdServiceImpl - Request: getPatients(), doctorId = 1 | coming from user 1 
2014-11-22 22:06:48.542 [http-nio-8443-exec-1] INFO  o.c.a.c.s.impl.PocketMdServiceImpl - 2 patients have been found for doctor 1 
2014-11-22 22:07:11.729 [http-nio-8443-exec-2] INFO  o.c.a.c.s.impl.PocketMdServiceImpl - Request: getCurrentDoctor() | coming from username drwhite 
2014-11-22 22:07:11.731 [http-nio-8443-exec-2] INFO  o.c.a.c.s.impl.PocketMdServiceImpl - Request: unassignMedications(), patientId = 1, prescriptionIds = [15] | coming from user 1 
2014-11-22 22:07:13.885 [http-nio-8443-exec-2] INFO  o.c.a.c.s.impl.PocketMdServiceImpl - 1 medications have been removed from patient 1 
2014-11-22 22:07:21.701 [http-nio-8443-exec-3] INFO  o.c.a.c.s.impl.PocketMdServiceImpl - Request: getCurrentDoctor() | coming from username drwhite 
2014-11-22 22:07:21.883 [http-nio-8443-exec-3] INFO  o.c.a.c.s.impl.PocketMdServiceImpl - Request: getCurrentDoctor() | coming from username drwhite 
2014-11-22 22:07:22.330 [http-nio-8443-exec-3] INFO  o.c.a.c.s.impl.PocketMdServiceImpl - Request: assignMedication(), patientId = 1, medication = Vordone | coming from user 1 
2014-11-22 22:07:23.618 [http-nio-8443-exec-3] INFO  o.c.a.c.s.impl.PocketMdServiceImpl - Medication Vordone has been assigned for patient 1 
2014-11-22 23:04:56.031 [http-nio-8443-exec-9] INFO  o.c.a.c.s.impl.PocketMdServiceImpl - Request: getCurrentPatient() | coming from username drwhite 
2014-11-22 23:04:56.862 [http-nio-8443-exec-10] INFO  o.c.a.c.s.impl.PocketMdServiceImpl - Request: getCurrentDoctor() | coming from username drwhite 
2014-11-22 23:06:48.214 [http-nio-8443-exec-6] INFO  o.c.a.c.s.impl.PocketMdServiceImpl - Request: getCurrentPatient() | coming from username toddbear 
2014-11-22 23:12:52.558 [http-nio-8443-exec-2] INFO  o.c.a.c.s.impl.PocketMdServiceImpl - Request: getCurrentPatient() | coming from username toddbear 
2014-11-22 23:14:35.987 [http-nio-8443-exec-8] INFO  o.c.a.c.s.impl.PocketMdServiceImpl - Request: getCurrentPatient() | coming from username toddbear 
2014-11-22 23:21:10.474 [http-nio-8443-exec-4] INFO  o.c.a.c.s.impl.PocketMdServiceImpl - Request: getCurrentPatient() | coming from username toddbear 
2014-11-22 23:22:55.348 [http-nio-8443-exec-10] INFO  o.c.a.c.s.impl.PocketMdServiceImpl - Request: getCurrentPatient() | coming from username toddbear 
2014-11-22 23:27:47.014 [http-nio-8443-exec-6] INFO  o.c.a.c.s.impl.PocketMdServiceImpl - Request: getCurrentPatient() | coming from username toddbear 
2014-11-22 23:29:03.891 [http-nio-8443-exec-1] INFO  o.c.a.c.s.impl.PocketMdServiceImpl - Request: getCurrentPatient() | coming from username toddbear 
2014-11-22 23:29:03.898 [http-nio-8443-exec-1] INFO  o.c.a.c.s.impl.PocketMdServiceImpl - Request: checkin(), patientId = 1, checkin = CheckIn{id=0, painSeverity=WELL_CONTROLLED, eatingProblems=NO, patientId=0} | coming from user 1 
2014-11-22 23:29:08.224 [http-nio-8443-exec-1] INFO  o.c.a.c.s.impl.PocketMdServiceImpl - New check-in has been saved for patient 1 
2014-11-22 23:29:08.530 [http-nio-8443-exec-1] INFO  o.c.a.c.s.i.a.DoctorAlertChecker - Testing for PROLONGED_SEVERE_PAIN for last 12 hours 
2014-11-22 23:29:08.557 [http-nio-8443-exec-1] INFO  o.c.a.c.s.i.a.DoctorAlertChecker - Testing 4 last check-ins 
2014-11-22 23:29:08.562 [http-nio-8443-exec-1] INFO  o.c.a.c.s.i.a.DoctorAlertChecker - Testing for PROLONGED_PAIN for last 16 hours 
2014-11-22 23:29:08.562 [http-nio-8443-exec-1] INFO  o.c.a.c.s.i.a.DoctorAlertChecker - Testing 4 last check-ins 
2014-11-22 23:29:08.562 [http-nio-8443-exec-1] INFO  o.c.a.c.s.i.a.DoctorAlertChecker - Testing for PROLONGED_EATING_PROBLEMS for last 12 hours 
2014-11-22 23:29:08.563 [http-nio-8443-exec-1] INFO  o.c.a.c.s.i.a.DoctorAlertChecker - Testing 4 last check-ins 
2014-11-22 23:29:42.528 [http-nio-8443-exec-8] INFO  o.c.a.c.s.impl.PocketMdServiceImpl - Request: getCurrentPatient() | coming from username toddbear 
2014-11-22 23:32:39.542 [http-nio-8443-exec-3] INFO  o.c.a.c.s.impl.PocketMdServiceImpl - Request: getCurrentPatient() | coming from username toddbear 
2014-11-22 23:32:39.545 [http-nio-8443-exec-3] INFO  o.c.a.c.s.impl.PocketMdServiceImpl - Request: checkin(), patientId = 1, checkin = CheckIn{id=0, painSeverity=WELL_CONTROLLED, eatingProblems=NO, patientId=0} | coming from user 1 
2014-11-22 23:32:43.998 [http-nio-8443-exec-3] INFO  o.c.a.c.s.impl.PocketMdServiceImpl - New check-in has been saved for patient 1 
2014-11-22 23:32:44.181 [http-nio-8443-exec-3] INFO  o.c.a.c.s.i.a.DoctorAlertChecker - Testing for PROLONGED_SEVERE_PAIN for last 12 hours 
2014-11-22 23:32:44.182 [http-nio-8443-exec-3] INFO  o.c.a.c.s.i.a.DoctorAlertChecker - Testing 5 last check-ins 
2014-11-22 23:32:44.182 [http-nio-8443-exec-3] INFO  o.c.a.c.s.i.a.DoctorAlertChecker - Testing for PROLONGED_PAIN for last 16 hours 
2014-11-22 23:32:44.183 [http-nio-8443-exec-3] INFO  o.c.a.c.s.i.a.DoctorAlertChecker - Testing 5 last check-ins 
2014-11-22 23:32:44.183 [http-nio-8443-exec-3] INFO  o.c.a.c.s.i.a.DoctorAlertChecker - Testing for PROLONGED_EATING_PROBLEMS for last 12 hours 
2014-11-22 23:32:44.183 [http-nio-8443-exec-3] INFO  o.c.a.c.s.i.a.DoctorAlertChecker - Testing 5 last check-ins 
